Analysis & Synthesis report for ULA
Tue Sep 30 18:29:23 2025
Quartus Prime Version 20.1.1 Build 720 11/11/2020 SJ Lite Edition


---------------------
; Table of Contents ;
---------------------
  1. Legal Notice
  2. Analysis & Synthesis Summary
  3. Analysis & Synthesis Settings
  4. Parallel Compilation
  5. Analysis & Synthesis Messages



----------------
; Legal Notice ;
----------------
Copyright (C) 2020  Intel Corporation. All rights reserved.
Your use of Intel Corporation's design tools, logic functions 
and other software and tools, and any partner logic 
functions, and any output files from any of the foregoing 
(including device programming or simulation files), and any 
associated documentation or information are expressly subject 
to the terms and conditions of the Intel Program License 
Subscription Agreement, the Intel Quartus Prime License Agreement,
the Intel FPGA IP License Agreement, or other applicable license
agreement, including, without limitation, that your use is for
the sole purpose of programming logic devices manufactured by
Intel and sold by Intel or its authorized distributors.  Please
refer to the applicable agreement for further details, at
https://fpgasoftware.intel.com/eula.



+----------------------------------------------------------------------------------+
; Analysis & Synthesis Summary                                                     ;
+------------------------------------+---------------------------------------------+
; Analysis & Synthesis Status        ; Failed - Tue Sep 30 18:29:23 2025           ;
; Quartus Prime Version              ; 20.1.1 Build 720 11/11/2020 SJ Lite Edition ;
; Revision Name                      ; ULA                                         ;
; Top-level Entity Name              ; CPU                                         ;
; Family                             ; Cyclone IV E                                ;
; Total logic elements               ; N/A until Partition Merge                   ;
;     Total combinational functions  ; N/A until Partition Merge                   ;
;     Dedicated logic registers      ; N/A until Partition Merge                   ;
; Total registers                    ; N/A until Partition Merge                   ;
; Total pins                         ; N/A until Partition Merge                   ;
; Total virtual pins                 ; N/A until Partition Merge                   ;
; Total memory bits                  ; N/A until Partition Merge                   ;
; Embedded Multiplier 9-bit elements ; N/A until Partition Merge                   ;
; Total PLLs                         ; N/A until Partition Merge                   ;
+------------------------------------+---------------------------------------------+


+------------------------------------------------------------------------------------------------------------+
; Analysis & Synthesis Settings                                                                              ;
+------------------------------------------------------------------+--------------------+--------------------+
; Option                                                           ; Setting            ; Default Value      ;
+------------------------------------------------------------------+--------------------+--------------------+
; Device                                                           ; EP4CE115F29C7      ;                    ;
; Top-level entity name                                            ; CPU                ; ULA                ;
; Family name                                                      ; Cyclone IV E       ; Cyclone V          ;
; VHDL Show LMF Mapping Messages                                   ; Off                ;                    ;
; VHDL Version                                                     ; VHDL_2008          ; VHDL_1993          ;
; Use smart compilation                                            ; Off                ; Off                ;
; Enable parallel Assembler and Timing Analyzer during compilation ; On                 ; On                 ;
; Enable compact report table                                      ; Off                ; Off                ;
; Restructure Multiplexers                                         ; Auto               ; Auto               ;
; Create Debugging Nodes for IP Cores                              ; Off                ; Off                ;
; Preserve fewer node names                                        ; On                 ; On                 ;
; Intel FPGA IP Evaluation Mode                                    ; Enable             ; Enable             ;
; Verilog Version                                                  ; Verilog_2001       ; Verilog_2001       ;
; State Machine Processing                                         ; Auto               ; Auto               ;
; Safe State Machine                                               ; Off                ; Off                ;
; Extract Verilog State Machines                                   ; On                 ; On                 ;
; Extract VHDL State Machines                                      ; On                 ; On                 ;
; Ignore Verilog initial constructs                                ; Off                ; Off                ;
; Iteration limit for constant Verilog loops                       ; 5000               ; 5000               ;
; Iteration limit for non-constant Verilog loops                   ; 250                ; 250                ;
; Add Pass-Through Logic to Inferred RAMs                          ; On                 ; On                 ;
; Infer RAMs from Raw Logic                                        ; On                 ; On                 ;
; Parallel Synthesis                                               ; On                 ; On                 ;
; DSP Block Balancing                                              ; Auto               ; Auto               ;
; NOT Gate Push-Back                                               ; On                 ; On                 ;
; Power-Up Don't Care                                              ; On                 ; On                 ;
; Remove Redundant Logic Cells                                     ; Off                ; Off                ;
; Remove Duplicate Registers                                       ; On                 ; On                 ;
; Ignore CARRY Buffers                                             ; Off                ; Off                ;
; Ignore CASCADE Buffers                                           ; Off                ; Off                ;
; Ignore GLOBAL Buffers                                            ; Off                ; Off                ;
; Ignore ROW GLOBAL Buffers                                        ; Off                ; Off                ;
; Ignore LCELL Buffers                                             ; Off                ; Off                ;
; Ignore SOFT Buffers                                              ; On                 ; On                 ;
; Limit AHDL Integers to 32 Bits                                   ; Off                ; Off                ;
; Optimization Technique                                           ; Balanced           ; Balanced           ;
; Carry Chain Length                                               ; 70                 ; 70                 ;
; Auto Carry Chains                                                ; On                 ; On                 ;
; Auto Open-Drain Pins                                             ; On                 ; On                 ;
; Perform WYSIWYG Primitive Resynthesis                            ; Off                ; Off                ;
; Auto ROM Replacement                                             ; On                 ; On                 ;
; Auto RAM Replacement                                             ; On                 ; On                 ;
; Auto DSP Block Replacement                                       ; On                 ; On                 ;
; Auto Shift Register Replacement                                  ; Auto               ; Auto               ;
; Allow Shift Register Merging across Hierarchies                  ; Auto               ; Auto               ;
; Auto Clock Enable Replacement                                    ; On                 ; On                 ;
; Strict RAM Replacement                                           ; Off                ; Off                ;
; Allow Synchronous Control Signals                                ; On                 ; On                 ;
; Force Use of Synchronous Clear Signals                           ; Off                ; Off                ;
; Auto RAM Block Balancing                                         ; On                 ; On                 ;
; Auto RAM to Logic Cell Conversion                                ; Off                ; Off                ;
; Auto Resource Sharing                                            ; Off                ; Off                ;
; Allow Any RAM Size For Recognition                               ; Off                ; Off                ;
; Allow Any ROM Size For Recognition                               ; Off                ; Off                ;
; Allow Any Shift Register Size For Recognition                    ; Off                ; Off                ;
; Use LogicLock Constraints during Resource Balancing              ; On                 ; On                 ;
; Ignore translate_off and synthesis_off directives                ; Off                ; Off                ;
; Timing-Driven Synthesis                                          ; On                 ; On                 ;
; Report Parameter Settings                                        ; On                 ; On                 ;
; Report Source Assignments                                        ; On                 ; On                 ;
; Report Connectivity Checks                                       ; On                 ; On                 ;
; Ignore Maximum Fan-Out Assignments                               ; Off                ; Off                ;
; Synchronization Register Chain Length                            ; 2                  ; 2                  ;
; Power Optimization During Synthesis                              ; Normal compilation ; Normal compilation ;
; HDL message level                                                ; Level2             ; Level2             ;
; Suppress Register Optimization Related Messages                  ; Off                ; Off                ;
; Number of Removed Registers Reported in Synthesis Report         ; 5000               ; 5000               ;
; Number of Swept Nodes Reported in Synthesis Report               ; 5000               ; 5000               ;
; Number of Inverted Registers Reported in Synthesis Report        ; 100                ; 100                ;
; Clock MUX Protection                                             ; On                 ; On                 ;
; Auto Gated Clock Conversion                                      ; Off                ; Off                ;
; Block Design Naming                                              ; Auto               ; Auto               ;
; SDC constraint protection                                        ; Off                ; Off                ;
; Synthesis Effort                                                 ; Auto               ; Auto               ;
; Shift Register Replacement - Allow Asynchronous Clear Signal     ; On                 ; On                 ;
; Pre-Mapping Resynthesis Optimization                             ; Off                ; Off                ;
; Analysis & Synthesis Message Level                               ; Medium             ; Medium             ;
; Disable Register Merging Across Hierarchies                      ; Auto               ; Auto               ;
; Resource Aware Inference For Block RAM                           ; On                 ; On                 ;
+------------------------------------------------------------------+--------------------+--------------------+


+------------------------------------------+
; Parallel Compilation                     ;
+----------------------------+-------------+
; Processors                 ; Number      ;
+----------------------------+-------------+
; Number detected on machine ; 8           ;
; Maximum allowed            ; 4           ;
;                            ;             ;
; Average used               ; 1.00        ;
; Maximum used               ; 1           ;
;                            ;             ;
; Usage by Processor         ; % Time Used ;
;     Processor 1            ; 100.0%      ;
+----------------------------+-------------+


+-------------------------------+
; Analysis & Synthesis Messages ;
+-------------------------------+
Info: *******************************************************************
Info: Running Quartus Prime Analysis & Synthesis
    Info: Version 20.1.1 Build 720 11/11/2020 SJ Lite Edition
    Info: Processing started: Tue Sep 30 18:28:59 2025
Info: Command: quartus_map --read_settings_files=on --write_settings_files=off CPU -c ULA
Warning (18236): Number of processors has not been specified which may cause overloading on shared machines.  Set the global assignment NUM_PARALLEL_PROCESSORS in your QSF to an appropriate value for best performance.
Info (20030): Parallel compilation is enabled and will use 4 of the 4 processors detected
Info (12021): Found 2 design units, including 1 entities, in source file and_component.vhd
    Info (12022): Found design unit 1: AND_COMPONENT-Behavior File: C:/Users/23012419/Desktop/Projeto_CPU_modelo_Ximenes/AND_COMPONENT.vhd Line: 11
    Info (12023): Found entity 1: AND_COMPONENT File: C:/Users/23012419/Desktop/Projeto_CPU_modelo_Ximenes/AND_COMPONENT.vhd Line: 4
Info (12021): Found 2 design units, including 1 entities, in source file or_component.vhd
    Info (12022): Found design unit 1: OR_COMPONENT-Behavior File: C:/Users/23012419/Desktop/Projeto_CPU_modelo_Ximenes/OR_COMPONENT.vhd Line: 11
    Info (12023): Found entity 1: OR_COMPONENT File: C:/Users/23012419/Desktop/Projeto_CPU_modelo_Ximenes/OR_COMPONENT.vhd Line: 4
Info (12021): Found 2 design units, including 1 entities, in source file ripple_carry.vhd
    Info (12022): Found design unit 1: RIPPLE_CARRY-Behavior File: C:/Users/23012419/Desktop/Projeto_CPU_modelo_Ximenes/RIPPLE_CARRY.vhd Line: 16
    Info (12023): Found entity 1: RIPPLE_CARRY File: C:/Users/23012419/Desktop/Projeto_CPU_modelo_Ximenes/RIPPLE_CARRY.vhd Line: 5
Info (12021): Found 2 design units, including 1 entities, in source file multi_component.vhd
    Info (12022): Found design unit 1: MULTI_COMPONENT-Behavior File: C:/Users/23012419/Desktop/Projeto_CPU_modelo_Ximenes/MULTI_COMPONENT.vhd Line: 12
    Info (12023): Found entity 1: MULTI_COMPONENT File: C:/Users/23012419/Desktop/Projeto_CPU_modelo_Ximenes/MULTI_COMPONENT.vhd Line: 5
Info (12021): Found 2 design units, including 1 entities, in source file comparator.vhd
    Info (12022): Found design unit 1: COMPARATOR-Behavior File: C:/Users/23012419/Desktop/Projeto_CPU_modelo_Ximenes/COMPARATOR.vhd Line: 11
    Info (12023): Found entity 1: COMPARATOR File: C:/Users/23012419/Desktop/Projeto_CPU_modelo_Ximenes/COMPARATOR.vhd Line: 4
Info (12021): Found 2 design units, including 1 entities, in source file ula.vhd
    Info (12022): Found design unit 1: ULA-Behavior File: C:/Users/23012419/Desktop/Projeto_CPU_modelo_Ximenes/ULA.vhd Line: 15
    Info (12023): Found entity 1: ULA File: C:/Users/23012419/Desktop/Projeto_CPU_modelo_Ximenes/ULA.vhd Line: 5
Info (12021): Found 2 design units, including 1 entities, in source file not_component.vhd
    Info (12022): Found design unit 1: NOT_COMPONENT-Behavior File: C:/Users/23012419/Desktop/Projeto_CPU_modelo_Ximenes/NOT_COMPONENT.vhd Line: 11
    Info (12023): Found entity 1: NOT_COMPONENT File: C:/Users/23012419/Desktop/Projeto_CPU_modelo_Ximenes/NOT_COMPONENT.vhd Line: 4
Info (12021): Found 2 design units, including 1 entities, in source file fulladder.vhd
    Info (12022): Found design unit 1: FULLADDER-Behavior File: C:/Users/23012419/Desktop/Projeto_CPU_modelo_Ximenes/FULLADDER.vhd Line: 12
    Info (12023): Found entity 1: FULLADDER File: C:/Users/23012419/Desktop/Projeto_CPU_modelo_Ximenes/FULLADDER.vhd Line: 4
Info (12021): Found 2 design units, including 1 entities, in source file output_files/segs_3_translator.vhd
    Info (12022): Found design unit 1: SEGS_3_TRANSLATOR-Behavior File: C:/Users/23012419/Desktop/Projeto_CPU_modelo_Ximenes/output_files/SEGS_3_TRANSLATOR.vhd Line: 12
    Info (12023): Found entity 1: SEGS_3_TRANSLATOR File: C:/Users/23012419/Desktop/Projeto_CPU_modelo_Ximenes/output_files/SEGS_3_TRANSLATOR.vhd Line: 5
Info (12021): Found 2 design units, including 1 entities, in source file output_files/segs_4_translator.vhd
    Info (12022): Found design unit 1: SEGS_4_TRANSLATOR-Behavior File: C:/Users/23012419/Desktop/Projeto_CPU_modelo_Ximenes/output_files/SEGS_4_TRANSLATOR.vhd Line: 12
    Info (12023): Found entity 1: SEGS_4_TRANSLATOR File: C:/Users/23012419/Desktop/Projeto_CPU_modelo_Ximenes/output_files/SEGS_4_TRANSLATOR.vhd Line: 5
Info (12021): Found 2 design units, including 1 entities, in source file output_files/uc_cpu.vhd
    Info (12022): Found design unit 1: UC_CPU-Behavior File: C:/Users/23012419/Desktop/Projeto_CPU_modelo_Ximenes/output_files/UC_CPU.vhd Line: 19
    Info (12023): Found entity 1: UC_CPU File: C:/Users/23012419/Desktop/Projeto_CPU_modelo_Ximenes/output_files/UC_CPU.vhd Line: 5
Info (12021): Found 2 design units, including 1 entities, in source file output_files/buffer_tri.vhd
    Info (12022): Found design unit 1: BUFFER_TRI-Behavior File: C:/Users/23012419/Desktop/Projeto_CPU_modelo_Ximenes/output_files/BUFFER_TRI.vhd Line: 12
    Info (12023): Found entity 1: BUFFER_TRI File: C:/Users/23012419/Desktop/Projeto_CPU_modelo_Ximenes/output_files/BUFFER_TRI.vhd Line: 4
Info (12021): Found 2 design units, including 1 entities, in source file output_files/reg.vhd
    Info (12022): Found design unit 1: REG-Behavior File: C:/Users/23012419/Desktop/Projeto_CPU_modelo_Ximenes/output_files/REG.vhd Line: 12
    Info (12023): Found entity 1: REG File: C:/Users/23012419/Desktop/Projeto_CPU_modelo_Ximenes/output_files/REG.vhd Line: 4
Info (12021): Found 2 design units, including 1 entities, in source file output_files/uc_lcd.vhd
    Info (12022): Found design unit 1: UC_LCD-bhv File: C:/Users/23012419/Desktop/Projeto_CPU_modelo_Ximenes/output_files/UC_LCD.vhd Line: 20
    Info (12023): Found entity 1: UC_LCD File: C:/Users/23012419/Desktop/Projeto_CPU_modelo_Ximenes/output_files/UC_LCD.vhd Line: 5
Info (12021): Found 2 design units, including 1 entities, in source file cpu.vhd
    Info (12022): Found design unit 1: CPU-Behavior File: C:/Users/23012419/Desktop/Projeto_CPU_modelo_Ximenes/CPU.vhd Line: 25
    Info (12023): Found entity 1: CPU File: C:/Users/23012419/Desktop/Projeto_CPU_modelo_Ximenes/CPU.vhd Line: 5
Info (12021): Found 1 design units, including 0 entities, in source file cpu_package.vhd
    Info (12022): Found design unit 1: CPU_PACKAGE File: C:/Users/23012419/Desktop/Projeto_CPU_modelo_Ximenes/CPU_PACKAGE.vhd Line: 5
Info (12021): Found 2 design units, including 1 entities, in source file reg_bank.vhd
    Info (12022): Found design unit 1: REG_BANK-Behavior File: C:/Users/23012419/Desktop/Projeto_CPU_modelo_Ximenes/REG_BANK.vhd Line: 16
    Info (12023): Found entity 1: REG_BANK File: C:/Users/23012419/Desktop/Projeto_CPU_modelo_Ximenes/REG_BANK.vhd Line: 5
Error (10476): VHDL error at CPU.vhd(112): type of identifier "REG_READ" does not agree with its usage as "std_logic_vector" type File: C:/Users/23012419/Desktop/Projeto_CPU_modelo_Ximenes/CPU.vhd Line: 112
Error (10558): VHDL error at CPU.vhd(112): cannot associate formal port "R_in" of mode "out" with an expression File: C:/Users/23012419/Desktop/Projeto_CPU_modelo_Ximenes/CPU.vhd Line: 112
Error (10476): VHDL error at CPU.vhd(113): type of identifier "REG_WRITE" does not agree with its usage as "std_logic_vector" type File: C:/Users/23012419/Desktop/Projeto_CPU_modelo_Ximenes/CPU.vhd Line: 113
Error (10558): VHDL error at CPU.vhd(113): cannot associate formal port "R_out" of mode "out" with an expression File: C:/Users/23012419/Desktop/Projeto_CPU_modelo_Ximenes/CPU.vhd Line: 113
Error (10476): VHDL error at CPU.vhd(116): type of identifier "Extern" does not agree with its usage as "std_logic" type File: C:/Users/23012419/Desktop/Projeto_CPU_modelo_Ximenes/CPU.vhd Line: 116
Error (10558): VHDL error at CPU.vhd(116): cannot associate formal port "A_in" of mode "out" with an expression File: C:/Users/23012419/Desktop/Projeto_CPU_modelo_Ximenes/CPU.vhd Line: 116
Error: Quartus Prime Analysis & Synthesis was unsuccessful. 6 errors, 1 warning
    Error: Peak virtual memory: 4787 megabytes
    Error: Processing ended: Tue Sep 30 18:29:23 2025
    Error: Elapsed time: 00:00:24
    Error: Total CPU time (on all processors): 00:00:39


